<?xml version="1.0" encoding="utf-8" ?>
<!DOCTYPE html PUBLIC "-//W3C//DTD XHTML 1.0 Strict//EN"
        "http://www.w3.org/TR/xhtml1/DTD/xhtml1-strict.dtd">
<html xmlns="http://www.w3.org/1999/xhtml" xml:lang="" lang="">
<head>
  <title>Test Results Report - Test</title>
  <meta http-equiv="Content-Type" content="text/html;charset=utf-8" />
  <meta name="description" content="TestNG unit test results." />
  <link href="reportng.css" rel="stylesheet" type="text/css" />
    <script type="text/javascript" src="reportng.js"></script>
</head>
<body>
<h1>Test</h1>
<p>
  Test duration: 13.073s
</p>

  <table class="resultsTable configTable">
    <tr><th colspan="3" class="header failedConfig">Failed Configuration</th></tr>
              <tr class="group">
        <td colspan="3">com.Fly365.testing.ContactUsTest</td>
      </tr>
            
<tr>
  <td class="method">
                  setup
      </td>
  <td class="duration">
    0.000s
  </td>
  <td class="result">
        
    
        

        <a href="javascript:toggleElement('exception-0', 'block')" title="Click to expand/collapse"><b>java.lang.NullPointerException</b></a><br />
    <div class="stackTrace" id="exception-0">
              com.Fly365.testing.ContactUsTest.setup(ContactUsTest.java:32)<br />
              sun.reflect.NativeMethodAccessorImpl.invoke0(Native Method)<br />
              sun.reflect.NativeMethodAccessorImpl.invoke(NativeMethodAccessorImpl.java:62)<br />
              sun.reflect.DelegatingMethodAccessorImpl.invoke(DelegatingMethodAccessorImpl.java:43)<br />
              java.lang.reflect.Method.invoke(Method.java:498)<br />
              org.testng.internal.MethodInvocationHelper.invokeMethod(MethodInvocationHelper.java:124)<br />
              org.testng.internal.MethodInvocationHelper.invokeMethodConsideringTimeout(MethodInvocationHelper.java:59)<br />
              org.testng.internal.Invoker.invokeConfigurationMethod(Invoker.java:458)<br />
              org.testng.internal.Invoker.invokeConfigurations(Invoker.java:222)<br />
              org.testng.internal.Invoker.invokeMethod(Invoker.java:523)<br />
              org.testng.internal.Invoker.invokeTestMethod(Invoker.java:719)<br />
              org.testng.internal.Invoker.invokeTestMethods(Invoker.java:989)<br />
              org.testng.internal.TestMethodWorker.invokeTestMethods(TestMethodWorker.java:125)<br />
              org.testng.internal.TestMethodWorker.run(TestMethodWorker.java:109)<br />
              org.testng.TestRunner.privateRun(TestRunner.java:648)<br />
              org.testng.TestRunner.run(TestRunner.java:505)<br />
              org.testng.SuiteRunner.runTest(SuiteRunner.java:455)<br />
              org.testng.SuiteRunner.runSequentially(SuiteRunner.java:450)<br />
              org.testng.SuiteRunner.privateRun(SuiteRunner.java:415)<br />
              org.testng.SuiteRunner.run(SuiteRunner.java:364)<br />
              org.testng.SuiteRunnerWorker.runSuite(SuiteRunnerWorker.java:52)<br />
              org.testng.SuiteRunnerWorker.run(SuiteRunnerWorker.java:84)<br />
              org.testng.TestNG.runSuitesSequentially(TestNG.java:1208)<br />
              org.testng.TestNG.runSuitesLocally(TestNG.java:1137)<br />
              org.testng.TestNG.runSuites(TestNG.java:1049)<br />
              org.testng.TestNG.run(TestNG.java:1017)<br />
              org.testng.remote.AbstractRemoteTestNG.run(AbstractRemoteTestNG.java:115)<br />
              org.testng.remote.RemoteTestNG.initAndRun(RemoteTestNG.java:251)<br />
              org.testng.remote.RemoteTestNG.main(RemoteTestNG.java:77)<br />
                </div>
      </td>
</tr>
          <tr class="group">
        <td colspan="3">com.Fly365.testing.RoundTripSearch</td>
      </tr>
            
<tr>
  <td class="method">
                  setup
      </td>
  <td class="duration">
    0.031s
  </td>
  <td class="result">
        
    
        

        <a href="javascript:toggleElement('exception-1', 'block')" title="Click to expand/collapse"><b>org.openqa.selenium.NoSuchWindowException: no such window: target window already closed<br/>
from unknown error: web view not found<br/>
&nbsp; (Session info: chrome=75.0.3770.142)<br/>
&nbsp; (Driver info: chromedriver=2.38.552522 (437e6fbedfa8762dec75e2c5b3ddb86763dc9dcb),platform=Windows NT 10.0.10240 x86_64) (WARNING: The server did not provide any stacktrace information)<br/>
Command duration or timeout: 0 milliseconds<br/>
Build info: version: &apos;3.141.59&apos;, revision: &apos;e82be7d358&apos;, time: &apos;2018-11-14T08:17:03&apos;<br/>
System info: host: &apos;KHALEDABDELAZIZ&apos;, ip: &apos;192.168.100.51&apos;, os.name: &apos;Windows 10&apos;, os.arch: &apos;amd64&apos;, os.version: &apos;10.0&apos;, java.version: &apos;1.8.0_131&apos;<br/>
Driver info: org.openqa.selenium.chrome.ChromeDriver<br/>
Capabilities {acceptInsecureCerts: false, acceptSslCerts: false, applicationCacheEnabled: false, browserConnectionEnabled: false, browserName: chrome, chrome: {chromedriverVersion: 2.38.552522 (437e6fbedfa876..., userDataDir: C:\Users\K0CA6~1.ABD\AppDat...}, cssSelectorsEnabled: true, databaseEnabled: false, handlesAlerts: true, hasTouchScreen: false, javascriptEnabled: true, locationContextEnabled: true, mobileEmulationEnabled: false, nativeEvents: true, networkConnectionEnabled: false, pageLoadStrategy: normal, platform: XP, platformName: XP, rotatable: false, setWindowRect: true, takesHeapSnapshot: true, takesScreenshot: true, unexpectedAlertBehaviour: , unhandledPromptBehavior: , version: 75.0.3770.142, webStorageEnabled: true}<br/>
Session ID: f342c4920d5c52ccaaeabe3cea1bb679</b></a><br />
    <div class="stackTrace" id="exception-1">
              sun.reflect.NativeConstructorAccessorImpl.newInstance0(Native Method)<br />
              sun.reflect.NativeConstructorAccessorImpl.newInstance(NativeConstructorAccessorImpl.java:62)<br />
              sun.reflect.DelegatingConstructorAccessorImpl.newInstance(DelegatingConstructorAccessorImpl.java:45)<br />
              java.lang.reflect.Constructor.newInstance(Constructor.java:423)<br />
              org.openqa.selenium.remote.ErrorHandler.createThrowable(ErrorHandler.java:214)<br />
              org.openqa.selenium.remote.ErrorHandler.throwIfResponseFailed(ErrorHandler.java:166)<br />
              org.openqa.selenium.remote.http.JsonHttpResponseCodec.reconstructValue(JsonHttpResponseCodec.java:40)<br />
              org.openqa.selenium.remote.http.AbstractHttpResponseCodec.decode(AbstractHttpResponseCodec.java:80)<br />
              org.openqa.selenium.remote.http.AbstractHttpResponseCodec.decode(AbstractHttpResponseCodec.java:44)<br />
              org.openqa.selenium.remote.HttpCommandExecutor.execute(HttpCommandExecutor.java:158)<br />
              org.openqa.selenium.remote.service.DriverCommandExecutor.execute(DriverCommandExecutor.java:83)<br />
              org.openqa.selenium.remote.RemoteWebDriver.execute(RemoteWebDriver.java:552)<br />
              org.openqa.selenium.remote.RemoteWebDriver.get(RemoteWebDriver.java:277)<br />
              com.Fly365.testing.RoundTripSearch.setup(RoundTripSearch.java:28)<br />
              sun.reflect.NativeMethodAccessorImpl.invoke0(Native Method)<br />
              sun.reflect.NativeMethodAccessorImpl.invoke(NativeMethodAccessorImpl.java:62)<br />
              sun.reflect.DelegatingMethodAccessorImpl.invoke(DelegatingMethodAccessorImpl.java:43)<br />
              java.lang.reflect.Method.invoke(Method.java:498)<br />
              org.testng.internal.MethodInvocationHelper.invokeMethod(MethodInvocationHelper.java:124)<br />
              org.testng.internal.MethodInvocationHelper.invokeMethodConsideringTimeout(MethodInvocationHelper.java:59)<br />
              org.testng.internal.Invoker.invokeConfigurationMethod(Invoker.java:458)<br />
              org.testng.internal.Invoker.invokeConfigurations(Invoker.java:222)<br />
              org.testng.internal.Invoker.invokeMethod(Invoker.java:523)<br />
              org.testng.internal.Invoker.invokeTestMethod(Invoker.java:719)<br />
              org.testng.internal.Invoker.invokeTestMethods(Invoker.java:989)<br />
              org.testng.internal.TestMethodWorker.invokeTestMethods(TestMethodWorker.java:125)<br />
              org.testng.internal.TestMethodWorker.run(TestMethodWorker.java:109)<br />
              org.testng.TestRunner.privateRun(TestRunner.java:648)<br />
              org.testng.TestRunner.run(TestRunner.java:505)<br />
              org.testng.SuiteRunner.runTest(SuiteRunner.java:455)<br />
              org.testng.SuiteRunner.runSequentially(SuiteRunner.java:450)<br />
              org.testng.SuiteRunner.privateRun(SuiteRunner.java:415)<br />
              org.testng.SuiteRunner.run(SuiteRunner.java:364)<br />
              org.testng.SuiteRunnerWorker.runSuite(SuiteRunnerWorker.java:52)<br />
              org.testng.SuiteRunnerWorker.run(SuiteRunnerWorker.java:84)<br />
              org.testng.TestNG.runSuitesSequentially(TestNG.java:1208)<br />
              org.testng.TestNG.runSuitesLocally(TestNG.java:1137)<br />
              org.testng.TestNG.runSuites(TestNG.java:1049)<br />
              org.testng.TestNG.run(TestNG.java:1017)<br />
              org.testng.remote.AbstractRemoteTestNG.run(AbstractRemoteTestNG.java:115)<br />
              org.testng.remote.RemoteTestNG.initAndRun(RemoteTestNG.java:251)<br />
              org.testng.remote.RemoteTestNG.main(RemoteTestNG.java:77)<br />
                </div>
      </td>
</tr>
    
      </table>


  <table class="resultsTable">
    <tr><th colspan="3" class="header failed">Failed Tests</th></tr>
          <tr>
        <td colspan="3" class="group">com.Fly365.testing.RoundTripSearch</td>
      </tr>
            
<tr>
  <td class="method">
                  roundSearch
      </td>
  <td class="duration">
    0.273s
  </td>
  <td class="result">
        
          <i>Method arguments: </i><span class="arguments">"Cairo", "Dubai", "10-Aug", "25-Aug"</span><br />
    
        

        <a href="javascript:toggleElement('exception-2', 'block')" title="Click to expand/collapse"><b>org.openqa.selenium.NoSuchWindowException: no such window: target window already closed<br/>
from unknown error: web view not found<br/>
&nbsp; (Session info: chrome=75.0.3770.142)<br/>
&nbsp; (Driver info: chromedriver=2.38.552522 (437e6fbedfa8762dec75e2c5b3ddb86763dc9dcb),platform=Windows NT 10.0.10240 x86_64) (WARNING: The server did not provide any stacktrace information)<br/>
Command duration or timeout: 0 milliseconds<br/>
Build info: version: &apos;3.141.59&apos;, revision: &apos;e82be7d358&apos;, time: &apos;2018-11-14T08:17:03&apos;<br/>
System info: host: &apos;KHALEDABDELAZIZ&apos;, ip: &apos;192.168.100.51&apos;, os.name: &apos;Windows 10&apos;, os.arch: &apos;amd64&apos;, os.version: &apos;10.0&apos;, java.version: &apos;1.8.0_131&apos;<br/>
Driver info: org.openqa.selenium.chrome.ChromeDriver<br/>
Capabilities {acceptInsecureCerts: false, acceptSslCerts: false, applicationCacheEnabled: false, browserConnectionEnabled: false, browserName: chrome, chrome: {chromedriverVersion: 2.38.552522 (437e6fbedfa876..., userDataDir: C:\Users\K0CA6~1.ABD\AppDat...}, cssSelectorsEnabled: true, databaseEnabled: false, handlesAlerts: true, hasTouchScreen: false, javascriptEnabled: true, locationContextEnabled: true, mobileEmulationEnabled: false, nativeEvents: true, networkConnectionEnabled: false, pageLoadStrategy: normal, platform: XP, platformName: XP, rotatable: false, setWindowRect: true, takesHeapSnapshot: true, takesScreenshot: true, unexpectedAlertBehaviour: , unhandledPromptBehavior: , version: 75.0.3770.142, webStorageEnabled: true}<br/>
Session ID: f342c4920d5c52ccaaeabe3cea1bb679<br/>
*** Element info: {Using=name, value=origin}</b></a><br />
    <div class="stackTrace" id="exception-2">
              sun.reflect.NativeConstructorAccessorImpl.newInstance0(Native Method)<br />
              sun.reflect.NativeConstructorAccessorImpl.newInstance(NativeConstructorAccessorImpl.java:62)<br />
              sun.reflect.DelegatingConstructorAccessorImpl.newInstance(DelegatingConstructorAccessorImpl.java:45)<br />
              java.lang.reflect.Constructor.newInstance(Constructor.java:423)<br />
              org.openqa.selenium.remote.ErrorHandler.createThrowable(ErrorHandler.java:214)<br />
              org.openqa.selenium.remote.ErrorHandler.throwIfResponseFailed(ErrorHandler.java:166)<br />
              org.openqa.selenium.remote.http.JsonHttpResponseCodec.reconstructValue(JsonHttpResponseCodec.java:40)<br />
              org.openqa.selenium.remote.http.AbstractHttpResponseCodec.decode(AbstractHttpResponseCodec.java:80)<br />
              org.openqa.selenium.remote.http.AbstractHttpResponseCodec.decode(AbstractHttpResponseCodec.java:44)<br />
              org.openqa.selenium.remote.HttpCommandExecutor.execute(HttpCommandExecutor.java:158)<br />
              org.openqa.selenium.remote.service.DriverCommandExecutor.execute(DriverCommandExecutor.java:83)<br />
              org.openqa.selenium.remote.RemoteWebDriver.execute(RemoteWebDriver.java:552)<br />
              org.openqa.selenium.remote.RemoteWebDriver.findElement(RemoteWebDriver.java:323)<br />
              org.openqa.selenium.remote.RemoteWebDriver.findElementByName(RemoteWebDriver.java:404)<br />
              org.openqa.selenium.By$ByName.findElement(By.java:284)<br />
              org.openqa.selenium.remote.RemoteWebDriver.findElement(RemoteWebDriver.java:315)<br />
              org.openqa.selenium.support.pagefactory.DefaultElementLocator.findElement(DefaultElementLocator.java:69)<br />
              org.openqa.selenium.support.pagefactory.internal.LocatingElementHandler.invoke(LocatingElementHandler.java:38)<br />
              com.sun.proxy.$Proxy10.sendKeys(Unknown Source)<br />
              com.Fly365.pages.HomePage.enterCity(HomePage.java:51)<br />
              com.Fly365.pages.HomePage.scatterLoc(HomePage.java:65)<br />
              com.Fly365.testing.RoundTripSearch.roundSearch(RoundTripSearch.java:47)<br />
              sun.reflect.NativeMethodAccessorImpl.invoke0(Native Method)<br />
              sun.reflect.NativeMethodAccessorImpl.invoke(NativeMethodAccessorImpl.java:62)<br />
              sun.reflect.DelegatingMethodAccessorImpl.invoke(DelegatingMethodAccessorImpl.java:43)<br />
              java.lang.reflect.Method.invoke(Method.java:498)<br />
              org.testng.internal.MethodInvocationHelper.invokeMethod(MethodInvocationHelper.java:124)<br />
              org.testng.internal.Invoker.invokeMethod(Invoker.java:583)<br />
              org.testng.internal.Invoker.invokeTestMethod(Invoker.java:719)<br />
              org.testng.internal.Invoker.invokeTestMethods(Invoker.java:989)<br />
              org.testng.internal.TestMethodWorker.invokeTestMethods(TestMethodWorker.java:125)<br />
              org.testng.internal.TestMethodWorker.run(TestMethodWorker.java:109)<br />
              org.testng.TestRunner.privateRun(TestRunner.java:648)<br />
              org.testng.TestRunner.run(TestRunner.java:505)<br />
              org.testng.SuiteRunner.runTest(SuiteRunner.java:455)<br />
              org.testng.SuiteRunner.runSequentially(SuiteRunner.java:450)<br />
              org.testng.SuiteRunner.privateRun(SuiteRunner.java:415)<br />
              org.testng.SuiteRunner.run(SuiteRunner.java:364)<br />
              org.testng.SuiteRunnerWorker.runSuite(SuiteRunnerWorker.java:52)<br />
              org.testng.SuiteRunnerWorker.run(SuiteRunnerWorker.java:84)<br />
              org.testng.TestNG.runSuitesSequentially(TestNG.java:1208)<br />
              org.testng.TestNG.runSuitesLocally(TestNG.java:1137)<br />
              org.testng.TestNG.runSuites(TestNG.java:1049)<br />
              org.testng.TestNG.run(TestNG.java:1017)<br />
              org.testng.remote.AbstractRemoteTestNG.run(AbstractRemoteTestNG.java:115)<br />
              org.testng.remote.RemoteTestNG.initAndRun(RemoteTestNG.java:251)<br />
              org.testng.remote.RemoteTestNG.main(RemoteTestNG.java:77)<br />
                </div>
      </td>
</tr>
      </table>

  <table class="resultsTable" width="100%">
    <tr><th colspan="3" class="header skipped">Skipped Tests</th></tr>
          <tr>
        <td colspan="3" class="group">com.Fly365.testing.ContactUsTest</td>
      </tr>
            
<tr>
  <td class="method">
                  sendMessage
      </td>
  <td class="duration">
    0.000s
  </td>
  <td class="result">
                               
    
        

      </td>
</tr>
          <tr>
        <td colspan="3" class="group">com.Fly365.testing.RoundTripSearch</td>
      </tr>
            
<tr>
  <td class="method">
                  roundSearch
      </td>
  <td class="duration">
    0.000s
  </td>
  <td class="result">
                               
    
        

      </td>
</tr>
      </table>

  <table class="resultsTable">
    <tr><th colspan="3" class="header passed">Passed Tests</th></tr>
          <tr>
        <td colspan="3" class="group">com.Fly365.testing.SignUp</td>
      </tr>
            
<tr>
  <td class="method">
                  sendMessage
      </td>
  <td class="duration">
    4.053s
  </td>
  <td class="result">
        
    
        

      </td>
</tr>
      </table>
  
</body>
</html>
